<?xml version="1.0" encoding="UTF-8"?>
<testng-results ignored="0" total="1" passed="1" failed="0" skipped="0">
  <reporter-output>
  </reporter-output>
  <suite started-at="2024-05-18T16:55:09 PST" name="Default suite" finished-at="2024-05-18T16:55:11 PST" duration-ms="2677">
    <groups>
    </groups>
    <test started-at="2024-05-18T16:55:09 PST" name="Default test" finished-at="2024-05-18T16:55:11 PST" duration-ms="2677">
      <class name="vmtpoc.vmtautopoc.PocAuto">
        <test-method is-config="true" signature="Config()[pri:0, instance:vmtpoc.vmtautopoc.PocAuto@7674f035]" started-at="2024-05-18T16:55:09 PST" name="Config" finished-at="2024-05-18T16:55:09 PST" duration-ms="213" status="PASS">
          <reporter-output>
          </reporter-output>
        </test-method> <!-- Config -->
        <test-method signature="ExtentReports()[pri:0, instance:vmtpoc.vmtautopoc.PocAuto@7674f035]" started-at="2024-05-18T16:55:09 PST" name="ExtentReports" finished-at="2024-05-18T16:55:11 PST" duration-ms="2428" status="PASS">
          <reporter-output>
          </reporter-output>
        </test-method> <!-- ExtentReports -->
      </class> <!-- vmtpoc.vmtautopoc.PocAuto -->
    </test> <!-- Default test -->
  </suite> <!-- Default suite -->
</testng-results>
